2026-02-05 21:19:32,769 - INFO - ============================================================
2026-02-05 21:19:32,770 - INFO - DATASET ANALYSIS AND SANITY CHECKS
2026-02-05 21:19:32,770 - INFO - ============================================================
2026-02-05 21:19:32,770 - INFO - Found: data/sen1floods11
2026-02-05 21:19:32,770 - WARNING - Not found: data/pre_event_sar
2026-02-05 21:19:32,770 - WARNING - Not found: data/infrastructure
2026-02-05 21:19:32,770 - INFO - 
[1/5] Analyzing Sen1Floods11 labels...
2026-02-05 21:19:32,770 - INFO - Scanning flat label directory: data/sen1floods11/LabelHand
2026-02-05 21:19:32,861 - INFO - Found 446 label files
2026-02-05 21:19:32,875 - WARNING - Constant mask: Paraguay_7894_LabelHand (0.0% flood)
2026-02-05 21:19:32,880 - WARNING - Constant mask: Somalia_7931_LabelHand (0.0% flood)
2026-02-05 21:19:32,894 - WARNING - Constant mask: Ghana_49890_LabelHand (0.0% flood)
2026-02-05 21:19:32,902 - ERROR - EMPTY MASK: Ghana_83483_LabelHand
2026-02-05 21:19:32,902 - WARNING - Constant mask: Ghana_83483_LabelHand (0.0% flood)
2026-02-05 21:19:32,934 - WARNING - Constant mask: Pakistan_65724_LabelHand (0.0% flood)
2026-02-05 21:19:32,937 - WARNING - Constant mask: Pakistan_132143_LabelHand (0.0% flood)
2026-02-05 21:19:32,938 - WARNING - Constant mask: Ghana_7496_LabelHand (0.0% flood)
2026-02-05 21:19:32,946 - ERROR - EMPTY MASK: Ghana_26376_LabelHand
2026-02-05 21:19:32,946 - WARNING - Constant mask: Ghana_26376_LabelHand (0.0% flood)
2026-02-05 21:19:32,948 - WARNING - Constant mask: Ghana_264787_LabelHand (0.0% flood)
2026-02-05 21:19:32,951 - WARNING - Constant mask: Pakistan_528249_LabelHand (0.0% flood)
2026-02-05 21:19:32,958 - WARNING - Constant mask: Pakistan_760290_LabelHand (0.0% flood)
2026-02-05 21:19:32,964 - WARNING - Constant mask: Sri-Lanka_52223_LabelHand (0.0% flood)
2026-02-05 21:19:32,970 - WARNING - Constant mask: Ghana_168875_LabelHand (0.0% flood)
2026-02-05 21:19:32,988 - WARNING - Constant mask: Ghana_144050_LabelHand (0.0% flood)
2026-02-05 21:19:32,989 - WARNING - Constant mask: Paraguay_198534_LabelHand (0.0% flood)
2026-02-05 21:19:33,002 - WARNING - Constant mask: Ghana_124834_LabelHand (0.0% flood)
2026-02-05 21:19:33,005 - WARNING - Constant mask: Ghana_11745_LabelHand (0.0% flood)
2026-02-05 21:19:33,010 - WARNING - Constant mask: Ghana_53713_LabelHand (0.0% flood)
2026-02-05 21:19:33,030 - WARNING - Suspicious high flood %: Spain_5923267_LabelHand (92.2%)
2026-02-05 21:19:33,031 - WARNING - Constant mask: Paraguay_36146_LabelHand (0.0% flood)
2026-02-05 21:19:33,032 - WARNING - Suspicious high flood %: Ghana_866994_LabelHand (90.2%)
2026-02-05 21:19:33,034 - WARNING - Constant mask: Ghana_187318_LabelHand (0.0% flood)
2026-02-05 21:19:33,038 - WARNING - Constant mask: Paraguay_224845_LabelHand (0.0% flood)
2026-02-05 21:19:33,051 - WARNING - Constant mask: Paraguay_36015_LabelHand (0.0% flood)
2026-02-05 21:19:33,053 - WARNING - Suspicious high flood %: Mekong_52610_LabelHand (80.4%)
2026-02-05 21:19:33,062 - WARNING - Constant mask: India_44475_LabelHand (0.0% flood)
2026-02-05 21:19:33,065 - WARNING - Constant mask: Ghana_45911_LabelHand (0.0% flood)
2026-02-05 21:19:33,079 - WARNING - Constant mask: Ghana_167233_LabelHand (0.0% flood)
2026-02-05 21:19:33,089 - WARNING - Constant mask: India_136196_LabelHand (0.0% flood)
2026-02-05 21:19:33,108 - WARNING - Constant mask: Ghana_128663_LabelHand (0.0% flood)
2026-02-05 21:19:33,109 - WARNING - Constant mask: Ghana_97059_LabelHand (0.0% flood)
2026-02-05 21:19:33,110 - ERROR - EMPTY MASK: Ghana_5079_LabelHand
2026-02-05 21:19:33,110 - WARNING - Constant mask: Ghana_5079_LabelHand (0.0% flood)
2026-02-05 21:19:33,112 - WARNING - Constant mask: Paraguay_215904_LabelHand (0.0% flood)
2026-02-05 21:19:33,123 - WARNING - Constant mask: Somalia_93023_LabelHand (0.0% flood)
2026-02-05 21:19:33,124 - WARNING - Constant mask: Paraguay_40936_LabelHand (0.0% flood)
2026-02-05 21:19:33,130 - WARNING - Constant mask: Ghana_146222_LabelHand (0.0% flood)
2026-02-05 21:19:33,144 - WARNING - Constant mask: Sri-Lanka_135713_LabelHand (0.0% flood)
2026-02-05 21:19:33,145 - WARNING - Constant mask: Ghana_154838_LabelHand (0.0% flood)
2026-02-05 21:19:33,150 - WARNING - Constant mask: Ghana_142312_LabelHand (0.0% flood)
2026-02-05 21:19:33,157 - WARNING - Constant mask: Ghana_134751_LabelHand (0.0% flood)
2026-02-05 21:19:33,158 - WARNING - Constant mask: Paraguay_34417_LabelHand (100.0% flood)
2026-02-05 21:19:33,158 - WARNING - Suspicious high flood %: Paraguay_34417_LabelHand (100.0%)
2026-02-05 21:19:33,163 - WARNING - Constant mask: Somalia_195014_LabelHand (0.0% flood)
2026-02-05 21:19:33,167 - WARNING - Constant mask: Ghana_156478_LabelHand (0.0% flood)
2026-02-05 21:19:33,180 - WARNING - Constant mask: Pakistan_740461_LabelHand (0.0% flood)
2026-02-05 21:19:33,192 - WARNING - Suspicious high flood %: Sri-Lanka_845821_LabelHand (97.4%)
2026-02-05 21:19:33,195 - WARNING - Constant mask: Ghana_132163_LabelHand (0.0% flood)
2026-02-05 21:19:33,204 - WARNING - Constant mask: Ghana_161233_LabelHand (0.0% flood)
2026-02-05 21:19:33,207 - WARNING - Constant mask: Pakistan_336228_LabelHand (0.0% flood)
2026-02-05 21:19:33,211 - ERROR - EMPTY MASK: Ghana_234935_LabelHand
2026-02-05 21:19:33,211 - WARNING - Constant mask: Ghana_234935_LabelHand (0.0% flood)
2026-02-05 21:19:33,212 - WARNING - Constant mask: Mekong_221789_LabelHand (0.0% flood)
2026-02-05 21:19:33,218 - WARNING - Suspicious high flood %: Nigeria_529525_LabelHand (85.3%)
2026-02-05 21:19:33,224 - WARNING - Suspicious high flood %: Sri-Lanka_534068_LabelHand (98.1%)
2026-02-05 21:19:33,227 - WARNING - Constant mask: Somalia_61368_LabelHand (0.0% flood)
2026-02-05 21:19:33,233 - WARNING - Constant mask: Ghana_194723_LabelHand (0.0% flood)
2026-02-05 21:19:33,237 - WARNING - Constant mask: Pakistan_210595_LabelHand (0.0% flood)
2026-02-05 21:19:33,242 - ERROR - EMPTY MASK: Ghana_277_LabelHand
2026-02-05 21:19:33,242 - WARNING - Constant mask: Ghana_277_LabelHand (0.0% flood)
2026-02-05 21:19:33,246 - WARNING - Constant mask: Paraguay_205585_LabelHand (0.0% flood)
2026-02-05 21:19:33,251 - WARNING - Suspicious high flood %: Nigeria_984831_LabelHand (92.3%)
2026-02-05 21:19:33,260 - WARNING - Constant mask: Paraguay_284928_LabelHand (0.0% flood)
2026-02-05 21:19:33,265 - WARNING - Constant mask: Paraguay_12870_LabelHand (0.0% flood)
2026-02-05 21:19:33,270 - INFO - 
[2/5] Analyzing post-event SAR...
2026-02-05 21:19:33,270 - INFO - Scanning flat SAR directory: data/sen1floods11/S1Hand
2026-02-05 21:19:33,271 - INFO - Found 0 SAR files
2026-02-05 21:19:33,271 - WARNING - Missing SAR for 446 labels
2026-02-05 21:19:33,271 - INFO - 
[3/5] Analyzing pre-event SAR...
2026-02-05 21:19:33,271 - WARNING - Pre-event SAR directory not found
2026-02-05 21:19:33,271 - INFO - 
[4/5] Analyzing infrastructure data...
2026-02-05 21:19:33,271 - WARNING - Infrastructure directory not found
2026-02-05 21:19:33,271 - INFO - 
[5/5] Checking alignment...
2026-02-05 21:19:33,271 - INFO - Verifying spatial alignment between layers...
2026-02-05 21:19:33,271 - INFO -   Check: CRS consistency
2026-02-05 21:19:33,271 - INFO -   Check: Pixel alignment
2026-02-05 21:19:33,271 - INFO -   Check: Extent matching
2026-02-05 21:19:33,271 - INFO - 
============================================================
2026-02-05 21:19:33,271 - INFO - AGGREGATE STATISTICS
2026-02-05 21:19:33,271 - INFO - ============================================================
2026-02-05 21:19:33,271 - INFO - Total samples: 446
2026-02-05 21:19:33,271 - INFO - Total flood pixels: 10,705,605
2026-02-05 21:19:33,271 - INFO - Total non-flood pixels: 90,277,709
2026-02-05 21:19:33,271 - INFO - Overall flood percentage: 10.60%
2026-02-05 21:19:33,271 - INFO - 
Per-event breakdown:
2026-02-05 21:19:33,271 - INFO -   Mekong: 30 samples, avg 23.6% flood
2026-02-05 21:19:33,271 - INFO -   Nigeria: 18 samples, avg 22.3% flood
2026-02-05 21:19:33,271 - INFO -   Bolivia: 15 samples, avg 17.0% flood
2026-02-05 21:19:33,271 - INFO -   Spain: 30 samples, avg 14.1% flood
2026-02-05 21:19:33,271 - INFO -   USA: 69 samples, avg 4.6% flood
2026-02-05 21:19:33,271 - INFO -   India: 68 samples, avg 12.8% flood
2026-02-05 21:19:33,272 - INFO -   Paraguay: 67 samples, avg 9.4% flood
2026-02-05 21:19:33,272 - INFO -   Sri-Lanka: 42 samples, avg 11.2% flood
2026-02-05 21:19:33,272 - INFO -   Somalia: 26 samples, avg 6.2% flood
2026-02-05 21:19:33,272 - INFO -   Ghana: 53 samples, avg 6.4% flood
2026-02-05 21:19:33,272 - INFO -   Pakistan: 28 samples, avg 7.6% flood
2026-02-05 21:19:35,512 - INFO - Saved: flood_percentage_histogram.png
2026-02-05 21:19:35,562 - INFO - Saved: class_balance_chart.png
2026-02-05 21:19:35,562 - INFO - 
============================================================
2026-02-05 21:19:35,562 - INFO - ANALYSIS SUMMARY
2026-02-05 21:19:35,562 - INFO - ============================================================
2026-02-05 21:19:35,562 - INFO - 
ERRORS (5):
2026-02-05 21:19:35,562 - ERROR -   Empty mask: Ghana_83483_LabelHand
2026-02-05 21:19:35,562 - ERROR -   Empty mask: Ghana_26376_LabelHand
2026-02-05 21:19:35,562 - ERROR -   Empty mask: Ghana_5079_LabelHand
2026-02-05 21:19:35,562 - ERROR -   Empty mask: Ghana_234935_LabelHand
2026-02-05 21:19:35,563 - ERROR -   Empty mask: Ghana_277_LabelHand
2026-02-05 21:19:35,563 - INFO - 
WARNINGS (56):
2026-02-05 21:19:35,563 - WARNING -   Constant mask: Paraguay_7894_LabelHand
2026-02-05 21:19:35,563 - WARNING -   Constant mask: Somalia_7931_LabelHand
2026-02-05 21:19:35,563 - WARNING -   Constant mask: Ghana_49890_LabelHand
2026-02-05 21:19:35,563 - WARNING -   Constant mask: Ghana_83483_LabelHand
2026-02-05 21:19:35,563 - WARNING -   Constant mask: Pakistan_65724_LabelHand
2026-02-05 21:19:35,563 - WARNING -   Constant mask: Pakistan_132143_LabelHand
2026-02-05 21:19:35,563 - WARNING -   Constant mask: Ghana_7496_LabelHand
2026-02-05 21:19:35,563 - WARNING -   Constant mask: Ghana_26376_LabelHand
2026-02-05 21:19:35,563 - WARNING -   Constant mask: Ghana_264787_LabelHand
2026-02-05 21:19:35,563 - WARNING -   Constant mask: Pakistan_528249_LabelHand
2026-02-05 21:19:35,563 - INFO - 
INFO (363):
2026-02-05 21:19:35,563 - INFO -   Invalid pixels in Mekong_382276_LabelHand: 0.0%
2026-02-05 21:19:35,563 - INFO -   Invalid pixels in Paraguay_7894_LabelHand: 22.9%
2026-02-05 21:19:35,563 - INFO -   Invalid pixels in USA_19225_LabelHand: 0.0%
2026-02-05 21:19:35,563 - INFO -   Invalid pixels in Sri-Lanka_92824_LabelHand: 6.0%
2026-02-05 21:19:35,563 - INFO -   Invalid pixels in USA_366607_LabelHand: 0.0%
2026-02-05 21:19:35,563 - ERROR - 
⚠️  CRITICAL ISSUES FOUND - Review before training!
