2026-02-05 21:20:40,410 - INFO - ============================================================
2026-02-05 21:20:40,411 - INFO - DATASET ANALYSIS AND SANITY CHECKS
2026-02-05 21:20:40,411 - INFO - ============================================================
2026-02-05 21:20:40,411 - INFO - Found: data/sen1floods11
2026-02-05 21:20:40,411 - WARNING - Not found: data/pre_event_sar
2026-02-05 21:20:40,411 - WARNING - Not found: data/infrastructure
2026-02-05 21:20:40,411 - INFO - 
[1/5] Analyzing Sen1Floods11 labels...
2026-02-05 21:20:40,411 - INFO - Scanning flat label directory: data/sen1floods11/LabelHand
2026-02-05 21:20:40,496 - INFO - Found 446 label files
2026-02-05 21:20:40,503 - WARNING - Constant mask: Paraguay_7894_LabelHand (0.0% flood)
2026-02-05 21:20:40,507 - WARNING - Constant mask: Somalia_7931_LabelHand (0.0% flood)
2026-02-05 21:20:40,521 - WARNING - Constant mask: Ghana_49890_LabelHand (0.0% flood)
2026-02-05 21:20:40,529 - ERROR - EMPTY MASK: Ghana_83483_LabelHand
2026-02-05 21:20:40,529 - WARNING - Constant mask: Ghana_83483_LabelHand (0.0% flood)
2026-02-05 21:20:40,560 - WARNING - Constant mask: Pakistan_65724_LabelHand (0.0% flood)
2026-02-05 21:20:40,562 - WARNING - Constant mask: Pakistan_132143_LabelHand (0.0% flood)
2026-02-05 21:20:40,563 - WARNING - Constant mask: Ghana_7496_LabelHand (0.0% flood)
2026-02-05 21:20:40,571 - ERROR - EMPTY MASK: Ghana_26376_LabelHand
2026-02-05 21:20:40,571 - WARNING - Constant mask: Ghana_26376_LabelHand (0.0% flood)
2026-02-05 21:20:40,573 - WARNING - Constant mask: Ghana_264787_LabelHand (0.0% flood)
2026-02-05 21:20:40,576 - WARNING - Constant mask: Pakistan_528249_LabelHand (0.0% flood)
2026-02-05 21:20:40,584 - WARNING - Constant mask: Pakistan_760290_LabelHand (0.0% flood)
2026-02-05 21:20:40,589 - WARNING - Constant mask: Sri-Lanka_52223_LabelHand (0.0% flood)
2026-02-05 21:20:40,596 - WARNING - Constant mask: Ghana_168875_LabelHand (0.0% flood)
2026-02-05 21:20:40,613 - WARNING - Constant mask: Ghana_144050_LabelHand (0.0% flood)
2026-02-05 21:20:40,614 - WARNING - Constant mask: Paraguay_198534_LabelHand (0.0% flood)
2026-02-05 21:20:40,628 - WARNING - Constant mask: Ghana_124834_LabelHand (0.0% flood)
2026-02-05 21:20:40,631 - WARNING - Constant mask: Ghana_11745_LabelHand (0.0% flood)
2026-02-05 21:20:40,637 - WARNING - Constant mask: Ghana_53713_LabelHand (0.0% flood)
2026-02-05 21:20:40,656 - WARNING - Suspicious high flood %: Spain_5923267_LabelHand (92.2%)
2026-02-05 21:20:40,657 - WARNING - Constant mask: Paraguay_36146_LabelHand (0.0% flood)
2026-02-05 21:20:40,659 - WARNING - Suspicious high flood %: Ghana_866994_LabelHand (90.2%)
2026-02-05 21:20:40,661 - WARNING - Constant mask: Ghana_187318_LabelHand (0.0% flood)
2026-02-05 21:20:40,665 - WARNING - Constant mask: Paraguay_224845_LabelHand (0.0% flood)
2026-02-05 21:20:40,679 - WARNING - Constant mask: Paraguay_36015_LabelHand (0.0% flood)
2026-02-05 21:20:40,681 - WARNING - Suspicious high flood %: Mekong_52610_LabelHand (80.4%)
2026-02-05 21:20:40,690 - WARNING - Constant mask: India_44475_LabelHand (0.0% flood)
2026-02-05 21:20:40,692 - WARNING - Constant mask: Ghana_45911_LabelHand (0.0% flood)
2026-02-05 21:20:40,706 - WARNING - Constant mask: Ghana_167233_LabelHand (0.0% flood)
2026-02-05 21:20:40,716 - WARNING - Constant mask: India_136196_LabelHand (0.0% flood)
2026-02-05 21:20:40,735 - WARNING - Constant mask: Ghana_128663_LabelHand (0.0% flood)
2026-02-05 21:20:40,736 - WARNING - Constant mask: Ghana_97059_LabelHand (0.0% flood)
2026-02-05 21:20:40,737 - ERROR - EMPTY MASK: Ghana_5079_LabelHand
2026-02-05 21:20:40,737 - WARNING - Constant mask: Ghana_5079_LabelHand (0.0% flood)
2026-02-05 21:20:40,739 - WARNING - Constant mask: Paraguay_215904_LabelHand (0.0% flood)
2026-02-05 21:20:40,748 - WARNING - Constant mask: Somalia_93023_LabelHand (0.0% flood)
2026-02-05 21:20:40,749 - WARNING - Constant mask: Paraguay_40936_LabelHand (0.0% flood)
2026-02-05 21:20:40,756 - WARNING - Constant mask: Ghana_146222_LabelHand (0.0% flood)
2026-02-05 21:20:40,770 - WARNING - Constant mask: Sri-Lanka_135713_LabelHand (0.0% flood)
2026-02-05 21:20:40,771 - WARNING - Constant mask: Ghana_154838_LabelHand (0.0% flood)
2026-02-05 21:20:40,776 - WARNING - Constant mask: Ghana_142312_LabelHand (0.0% flood)
2026-02-05 21:20:40,782 - WARNING - Constant mask: Ghana_134751_LabelHand (0.0% flood)
2026-02-05 21:20:40,783 - WARNING - Constant mask: Paraguay_34417_LabelHand (100.0% flood)
2026-02-05 21:20:40,783 - WARNING - Suspicious high flood %: Paraguay_34417_LabelHand (100.0%)
2026-02-05 21:20:40,788 - WARNING - Constant mask: Somalia_195014_LabelHand (0.0% flood)
2026-02-05 21:20:40,792 - WARNING - Constant mask: Ghana_156478_LabelHand (0.0% flood)
2026-02-05 21:20:40,803 - WARNING - Constant mask: Pakistan_740461_LabelHand (0.0% flood)
2026-02-05 21:20:40,815 - WARNING - Suspicious high flood %: Sri-Lanka_845821_LabelHand (97.4%)
2026-02-05 21:20:40,818 - WARNING - Constant mask: Ghana_132163_LabelHand (0.0% flood)
2026-02-05 21:20:40,825 - WARNING - Constant mask: Ghana_161233_LabelHand (0.0% flood)
2026-02-05 21:20:40,827 - WARNING - Constant mask: Pakistan_336228_LabelHand (0.0% flood)
2026-02-05 21:20:40,832 - ERROR - EMPTY MASK: Ghana_234935_LabelHand
2026-02-05 21:20:40,832 - WARNING - Constant mask: Ghana_234935_LabelHand (0.0% flood)
2026-02-05 21:20:40,833 - WARNING - Constant mask: Mekong_221789_LabelHand (0.0% flood)
2026-02-05 21:20:40,837 - WARNING - Suspicious high flood %: Nigeria_529525_LabelHand (85.3%)
2026-02-05 21:20:40,843 - WARNING - Suspicious high flood %: Sri-Lanka_534068_LabelHand (98.1%)
2026-02-05 21:20:40,846 - WARNING - Constant mask: Somalia_61368_LabelHand (0.0% flood)
2026-02-05 21:20:40,851 - WARNING - Constant mask: Ghana_194723_LabelHand (0.0% flood)
2026-02-05 21:20:40,855 - WARNING - Constant mask: Pakistan_210595_LabelHand (0.0% flood)
2026-02-05 21:20:40,859 - ERROR - EMPTY MASK: Ghana_277_LabelHand
2026-02-05 21:20:40,859 - WARNING - Constant mask: Ghana_277_LabelHand (0.0% flood)
2026-02-05 21:20:40,863 - WARNING - Constant mask: Paraguay_205585_LabelHand (0.0% flood)
2026-02-05 21:20:40,867 - WARNING - Suspicious high flood %: Nigeria_984831_LabelHand (92.3%)
2026-02-05 21:20:40,876 - WARNING - Constant mask: Paraguay_284928_LabelHand (0.0% flood)
2026-02-05 21:20:40,880 - WARNING - Constant mask: Paraguay_12870_LabelHand (0.0% flood)
2026-02-05 21:20:40,886 - INFO - 
[2/5] Analyzing post-event SAR...
2026-02-05 21:20:40,886 - INFO - Scanning flat SAR directory: data/sen1floods11/S1Hand
2026-02-05 21:20:40,887 - INFO - Found 446 SAR files
2026-02-05 21:20:40,888 - INFO - ✅ All labels have matching SAR files
2026-02-05 21:20:40,888 - INFO - Typical SAR shape: (512, 512), Channels: 2
2026-02-05 21:20:40,888 - INFO - 
[3/5] Analyzing pre-event SAR...
2026-02-05 21:20:40,888 - WARNING - Pre-event SAR directory not found
2026-02-05 21:20:40,888 - INFO - 
[4/5] Analyzing infrastructure data...
2026-02-05 21:20:40,888 - WARNING - Infrastructure directory not found
2026-02-05 21:20:40,888 - INFO - 
[5/5] Checking alignment...
2026-02-05 21:20:40,888 - INFO - Verifying spatial alignment between layers...
2026-02-05 21:20:40,888 - INFO -   Check: CRS consistency
2026-02-05 21:20:40,888 - INFO -   Check: Pixel alignment
2026-02-05 21:20:40,888 - INFO -   Check: Extent matching
2026-02-05 21:20:40,888 - INFO - 
============================================================
2026-02-05 21:20:40,888 - INFO - AGGREGATE STATISTICS
2026-02-05 21:20:40,888 - INFO - ============================================================
2026-02-05 21:20:40,888 - INFO - Total samples: 446
2026-02-05 21:20:40,888 - INFO - Total flood pixels: 10,705,605
2026-02-05 21:20:40,889 - INFO - Total non-flood pixels: 90,277,709
2026-02-05 21:20:40,889 - INFO - Overall flood percentage: 10.60%
2026-02-05 21:20:40,889 - INFO - 
Per-event breakdown:
2026-02-05 21:20:40,889 - INFO -   Somalia: 26 samples, avg 6.2% flood
2026-02-05 21:20:40,889 - INFO -   Bolivia: 15 samples, avg 17.0% flood
2026-02-05 21:20:40,889 - INFO -   Sri-Lanka: 42 samples, avg 11.2% flood
2026-02-05 21:20:40,889 - INFO -   Spain: 30 samples, avg 14.1% flood
2026-02-05 21:20:40,889 - INFO -   USA: 69 samples, avg 4.6% flood
2026-02-05 21:20:40,889 - INFO -   Paraguay: 67 samples, avg 9.4% flood
2026-02-05 21:20:40,889 - INFO -   Pakistan: 28 samples, avg 7.6% flood
2026-02-05 21:20:40,889 - INFO -   Ghana: 53 samples, avg 6.4% flood
2026-02-05 21:20:40,889 - INFO -   India: 68 samples, avg 12.8% flood
2026-02-05 21:20:40,889 - INFO -   Nigeria: 18 samples, avg 22.3% flood
2026-02-05 21:20:40,889 - INFO -   Mekong: 30 samples, avg 23.6% flood
2026-02-05 21:20:41,226 - INFO - Saved: flood_percentage_histogram.png
2026-02-05 21:20:41,277 - INFO - Saved: class_balance_chart.png
2026-02-05 21:20:41,277 - INFO - 
============================================================
2026-02-05 21:20:41,277 - INFO - ANALYSIS SUMMARY
2026-02-05 21:20:41,277 - INFO - ============================================================
2026-02-05 21:20:41,277 - INFO - 
ERRORS (5):
2026-02-05 21:20:41,277 - ERROR -   Empty mask: Ghana_83483_LabelHand
2026-02-05 21:20:41,277 - ERROR -   Empty mask: Ghana_26376_LabelHand
2026-02-05 21:20:41,277 - ERROR -   Empty mask: Ghana_5079_LabelHand
2026-02-05 21:20:41,277 - ERROR -   Empty mask: Ghana_234935_LabelHand
2026-02-05 21:20:41,277 - ERROR -   Empty mask: Ghana_277_LabelHand
2026-02-05 21:20:41,277 - INFO - 
WARNINGS (55):
2026-02-05 21:20:41,277 - WARNING -   Constant mask: Paraguay_7894_LabelHand
2026-02-05 21:20:41,277 - WARNING -   Constant mask: Somalia_7931_LabelHand
2026-02-05 21:20:41,277 - WARNING -   Constant mask: Ghana_49890_LabelHand
2026-02-05 21:20:41,277 - WARNING -   Constant mask: Ghana_83483_LabelHand
2026-02-05 21:20:41,277 - WARNING -   Constant mask: Pakistan_65724_LabelHand
2026-02-05 21:20:41,277 - WARNING -   Constant mask: Pakistan_132143_LabelHand
2026-02-05 21:20:41,277 - WARNING -   Constant mask: Ghana_7496_LabelHand
2026-02-05 21:20:41,277 - WARNING -   Constant mask: Ghana_26376_LabelHand
2026-02-05 21:20:41,277 - WARNING -   Constant mask: Ghana_264787_LabelHand
2026-02-05 21:20:41,277 - WARNING -   Constant mask: Pakistan_528249_LabelHand
2026-02-05 21:20:41,277 - INFO - 
INFO (363):
2026-02-05 21:20:41,277 - INFO -   Invalid pixels in Mekong_382276_LabelHand: 0.0%
2026-02-05 21:20:41,277 - INFO -   Invalid pixels in Paraguay_7894_LabelHand: 22.9%
2026-02-05 21:20:41,277 - INFO -   Invalid pixels in USA_19225_LabelHand: 0.0%
2026-02-05 21:20:41,277 - INFO -   Invalid pixels in Sri-Lanka_92824_LabelHand: 6.0%
2026-02-05 21:20:41,277 - INFO -   Invalid pixels in USA_366607_LabelHand: 0.0%
2026-02-05 21:20:41,277 - ERROR - 
⚠️  CRITICAL ISSUES FOUND - Review before training!
